<?xml version="1.0" encoding="UTF-8"?>
<!-- Generated by org.testng.reporters.JUnitReportReporter -->
<testsuite hostname="Kiran" failures="0" tests="2" name="com.Tests.SameClassDataProvider" time="0.016" errors="0" timestamp="2020-09-24T09:15:07 IST" skipped="0">
  <testcase classname="com.Tests.SameClassDataProvider" name="testMethod" time="0.000"/>
  <system-out/>
  <testcase classname="com.Tests.SameClassDataProvider" name="testMethod" time="0.016"/>
  <system-out/>
</testsuite> <!-- com.Tests.SameClassDataProvider -->
