<?xml version="1.0" encoding="UTF-8"?>
<!-- Generated by org.testng.reporters.JUnitReportReporter -->
<testsuite hostname="Kiran" failures="0" tests="1" name="com.Tests.SignInTest" time="3.550" errors="0" timestamp="2020-09-24T19:06:58 IST" skipped="0">
  <testcase classname="com.Tests.SignInTest" name="signIn" time="3.550"/>
  <system-out/>
</testsuite> <!-- com.Tests.SignInTest -->
