<?xml version="1.0" encoding="UTF-8"?>
<!-- Generated by org.testng.reporters.JUnitReportReporter -->
<testsuite hostname="Kiran" failures="0" tests="1" name="com.DemoTestNG.EnterPwd" time="0.002" errors="0" timestamp="2020-09-24T19:31:11 IST" skipped="0">
  <testcase classname="com.DemoTestNG.EnterPwd" name="enterpwd" time="0.002"/>
  <system-out/>
</testsuite> <!-- com.DemoTestNG.EnterPwd -->
