<?xml version="1.0" encoding="UTF-8"?>
<!-- Generated by org.testng.reporters.JUnitReportReporter -->
<testsuite hostname="Kiran" failures="0" tests="1" name="com.Tests.LoginPasswordPageTest" time="0.000" errors="0" timestamp="2020-09-24T19:14:36 IST" skipped="1">
  <testcase classname="com.Tests.LoginPasswordPageTest" name="pwdTest" time="0.000">
    <skipped/>
  </testcase> <!-- pwdTest -->
  <system-out/>
</testsuite> <!-- com.Tests.LoginPasswordPageTest -->
